{
  "RSpec": {
    "coverage": {
      "/mnt/c/Users/alton/CODE/backend/rails/Chorbee/app/models/parent.rb": {
        "lines": [
          1,
          null,
          null,
          1,
          null,
          1,
          1,
          1,
          null,
          null,
          1,
          1,
          1,
          null
        ]
      },
      "/mnt/c/Users/alton/CODE/backend/rails/Chorbee/app/models/application_record.rb": {
        "lines": [
          1,
          1,
          null
        ]
      },
      "/mnt/c/Users/alton/CODE/backend/rails/Chorbee/app/helpers/application_helper.rb": {
        "lines": [
          1,
          null
        ]
      },
      "/mnt/c/Users/alton/CODE/backend/rails/Chorbee/app/helpers/appointments_helper.rb": {
        "lines": [
          1,
          null
        ]
      },
      "/mnt/c/Users/alton/CODE/backend/rails/Chorbee/app/helpers/children_helper.rb": {
        "lines": [
          1,
          null
        ]
      },
      "/mnt/c/Users/alton/CODE/backend/rails/Chorbee/app/helpers/chores_helper.rb": {
        "lines": [
          1,
          null
        ]
      },
      "/mnt/c/Users/alton/CODE/backend/rails/Chorbee/app/helpers/parents_helper.rb": {
        "lines": [
          1,
          null
        ]
      },
      "/mnt/c/Users/alton/CODE/backend/rails/Chorbee/app/models/appointment.rb": {
        "lines": [
          1,
          1,
          null,
          1,
          1,
          1,
          1,
          1,
          null,
          1,
          null,
          1,
          null,
          1,
          null,
          1,
          8,
          8,
          8,
          null,
          null,
          null,
          1,
          3,
          3,
          3,
          3,
          null,
          null,
          null
        ]
      },
      "/mnt/c/Users/alton/CODE/backend/rails/Chorbee/app/models/child.rb": {
        "lines": [
          1,
          1,
          1,
          1,
          null,
          1,
          null,
          1,
          1,
          1,
          null,
          1,
          0,
          null,
          null,
          null,
          null,
          1,
          null
        ]
      },
      "/mnt/c/Users/alton/CODE/backend/rails/Chorbee/app/models/chore.rb": {
        "lines": [
          1,
          1,
          1,
          null,
          1,
          1,
          100,
          null,
          null,
          1,
          null,
          1,
          1,
          null,
          null,
          null,
          1,
          null
        ]
      },
      "/mnt/c/Users/alton/CODE/backend/rails/Chorbee/app/controllers/application_controller.rb": {
        "lines": [
          1,
          1,
          1,
          1,
          null,
          1,
          null,
          1,
          null,
          1,
          null,
          1,
          null,
          1,
          3,
          3,
          null,
          null
        ]
      },
      "/mnt/c/Users/alton/CODE/backend/rails/Chorbee/app/controllers/parents_controller.rb": {
        "lines": [
          1,
          1,
          null,
          1,
          null,
          1,
          null,
          1,
          null,
          1,
          0,
          null,
          null
        ]
      },
      "/mnt/c/Users/alton/CODE/backend/rails/Chorbee/app/controllers/appointments_controller.rb": {
        "lines": [
          1,
          1,
          1,
          1,
          1,
          null,
          null,
          1,
          2,
          2,
          2,
          2,
          0,
          null,
          null,
          null,
          null,
          1,
          null,
          null,
          1,
          1,
          null,
          null,
          null,
          1,
          null,
          null,
          1,
          2,
          null,
          2,
          2,
          2,
          1,
          null,
          2,
          1,
          null,
          null,
          null,
          null,
          null,
          1,
          2,
          2,
          2,
          1,
          null,
          2,
          1,
          null,
          null,
          null,
          null,
          null,
          1,
          0,
          0,
          0,
          0,
          null,
          null,
          null,
          1,
          null,
          null,
          1,
          5,
          null,
          null,
          null,
          1,
          4,
          null,
          null,
          1,
          0,
          0,
          0,
          null,
          null,
          1,
          1,
          1,
          1,
          null,
          null
        ]
      },
      "/mnt/c/Users/alton/CODE/backend/rails/Chorbee/app/controllers/chores_controller.rb": {
        "lines": [
          1,
          1,
          1,
          1,
          null,
          null,
          1,
          2,
          null,
          null,
          null,
          1,
          null,
          null,
          1,
          1,
          null,
          null,
          null,
          1,
          null,
          null,
          1,
          2,
          null,
          2,
          2,
          2,
          1,
          null,
          2,
          1,
          null,
          null,
          null,
          null,
          null,
          1,
          2,
          2,
          2,
          1,
          null,
          2,
          1,
          null,
          null,
          null,
          null,
          null,
          1,
          0,
          0,
          0,
          0,
          null,
          null,
          null,
          1,
          null,
          null,
          1,
          5,
          null,
          null,
          null,
          1,
          4,
          null,
          null,
          1,
          1,
          1,
          1,
          null,
          null
        ]
      },
      "/mnt/c/Users/alton/CODE/backend/rails/Chorbee/app/controllers/children_controller.rb": {
        "lines": [
          1,
          1,
          1,
          1,
          1,
          null,
          null,
          1,
          2,
          null,
          null,
          null,
          1,
          null,
          null,
          1,
          1,
          null,
          null,
          null,
          1,
          null,
          null,
          1,
          2,
          2,
          2,
          2,
          2,
          1,
          null,
          2,
          1,
          null,
          null,
          null,
          null,
          null,
          1,
          2,
          2,
          2,
          1,
          null,
          2,
          1,
          null,
          null,
          null,
          null,
          null,
          1,
          0,
          0,
          0,
          0,
          null,
          null,
          null,
          1,
          null,
          null,
          1,
          5,
          null,
          null,
          null,
          1,
          4,
          null,
          null,
          1,
          0,
          0,
          0,
          null,
          null,
          1,
          1,
          1,
          1,
          null,
          null
        ]
      },
      "/mnt/c/Users/alton/CODE/backend/rails/Chorbee/app/channels/application_cable/channel.rb": {
        "lines": [
          0,
          0,
          0,
          0
        ],
        "branches": {
        }
      },
      "/mnt/c/Users/alton/CODE/backend/rails/Chorbee/app/channels/application_cable/connection.rb": {
        "lines": [
          0,
          0,
          0,
          0
        ],
        "branches": {
        }
      },
      "/mnt/c/Users/alton/CODE/backend/rails/Chorbee/app/controllers/Parents/sessions_controller.rb": {
        "lines": [
          0,
          0,
          0,
          null,
          null,
          null,
          null,
          null,
          0,
          0,
          null,
          0,
          0,
          0,
          0,
          0,
          0,
          0,
          0,
          0,
          0,
          null,
          null,
          0,
          0,
          null,
          0,
          0,
          0,
          0,
          0,
          null,
          0,
          null,
          null,
          0,
          0,
          0,
          0,
          0
        ],
        "branches": {
        }
      },
      "/mnt/c/Users/alton/CODE/backend/rails/Chorbee/app/jobs/application_job.rb": {
        "lines": [
          0,
          0
        ],
        "branches": {
        }
      },
      "/mnt/c/Users/alton/CODE/backend/rails/Chorbee/app/mailers/application_mailer.rb": {
        "lines": [
          0,
          0,
          0,
          0
        ],
        "branches": {
        }
      }
    },
    "timestamp": 1653716914
  }
}
